15:29:42 **** Incremental Build of configuration Debug for project tp3_windows ****
Info: Internal Builder is used for build
gcc -O0 -g3 -Wall -c -fmessage-length=0 -o main.o "..\\main.c" 
gcc "-LD:\\TP 3 PRACTICO\\tp3_windows" -o tp3_windows.exe Controller.o Employee.o main.o parser.o -lLinkedList 
Info: Nothing to build for tp3_windows
15:30:15 **** Incremental Build of configuration Debug for project tp3_windows ****
Info: Internal Builder is used for build
gcc -O0 -g3 -Wall -c -fmessage-length=0 -o main.o "..\\main.c" 
gcc "-LD:\\TP 3 PRACTICO\\tp3_windows" -o tp3_windows.exe Controller.o Employee.o main.o parser.o -lLinkedList 
Info: Nothing to build for tp3_windows
15:32:58 **** Incremental Build of configuration Debug for project tp3_windows ****
Info: Internal Builder is used for build
gcc -O0 -g3 -Wall -c -fmessage-length=0 -o main.o "..\\main.c" 
gcc "-LD:\\TP 3 PRACTICO\\tp3_windows" -o tp3_windows.exe Controller.o Employee.o main.o parser.o -lLinkedList 
Info: Nothing to build for tp3_windows
18:33:40 **** Incremental Build of configuration Debug for project tp3_windows ****
Info: Internal Builder is used for build
gcc -O0 -g3 -Wall -c -fmessage-length=0 -o Controller.o "..\\Controller.c" 
gcc -O0 -g3 -Wall -c -fmessage-length=0 -o main.o "..\\main.c" 
gcc -O0 -g3 -Wall -c -fmessage-length=0 -o parser.o "..\\parser.c" 
gcc -O0 -g3 -Wall -c -fmessage-length=0 -o Employee.o "..\\Employee.c" 
..\Employee.c: In function 'employee_newParametros':
..\Employee.c:25:18: warning: implicit declaration of function 'newEmpleado' [-Wimplicit-function-declaration]
  nuevoEmpleado = newEmpleado();
                  ^~~~~~~~~~~
..\Employee.c:25:16: warning: assignment makes pointer from integer without a cast [-Wint-conversion]
  nuevoEmpleado = newEmpleado();
                ^
..\Employee.c: In function 'employee_newParametrosString':
..\Employee.c:46:16: warning: assignment makes pointer from integer without a cast [-Wint-conversion]
  nuevoEmpleado = newEmpleado();
                ^
gcc "-LD:\\TP 3 PRACTICO\\tp3_windows" -o tp3_windows.exe Controller.o Employee.o main.o parser.o -lLinkedList 
Employee.o: In function `employee_newParametros':
D:\TP 3 PRACTICO\tp3_windows\Debug/../Employee.c:25: undefined reference to `newEmpleado'
Employee.o: In function `employee_newParametrosString':
D:\TP 3 PRACTICO\tp3_windows\Debug/../Employee.c:46: undefined reference to `newEmpleado'
collect2.exe: error: ld returned 1 exit status
18:34:27 **** Incremental Build of configuration Debug for project tp3_windows ****
Info: Internal Builder is used for build
gcc -O0 -g3 -Wall -c -fmessage-length=0 -o Employee.o "..\\Employee.c" 
gcc "-LD:\\TP 3 PRACTICO\\tp3_windows" -o tp3_windows.exe Controller.o Employee.o main.o parser.o -lLinkedList 
Info: Nothing to build for tp3_windows
18:50:47 **** Incremental Build of configuration Debug for project tp3_windows ****
Info: Internal Builder is used for build
gcc -O0 -g3 -Wall -c -fmessage-length=0 -o Controller.o "..\\Controller.c" 
gcc -O0 -g3 -Wall -c -fmessage-length=0 -o main.o "..\\main.c" 
gcc "-LD:\\TP 3 PRACTICO\\tp3_windows" -o tp3_windows.exe Controller.o Employee.o main.o parser.o -lLinkedList 
Info: Nothing to build for tp3_windows
23:36:33 **** Incremental Build of configuration Debug for project tp3_windows ****
Info: Internal Builder is used for build
gcc -O0 -g3 -Wall -c -fmessage-length=0 -o Controller.o "..\\Controller.c" 
gcc -O0 -g3 -Wall -c -fmessage-length=0 -o Employee.o "..\\Employee.c" 
gcc -O0 -g3 -Wall -c -fmessage-length=0 -o main.o "..\\main.c" 
gcc -O0 -g3 -Wall -c -fmessage-length=0 -o parser.o "..\\parser.c" 
gcc "-LD:\\TP 3 PRACTICO\\tp3_windows" -o tp3_windows.exe Controller.o Employee.o main.o parser.o -lLinkedList 
23:37:52 **** Incremental Build of configuration Debug for project tp3_windows ****
Info: Internal Builder is used for build
gcc -O0 -g3 -Wall -c -fmessage-length=0 -o main.o "..\\main.c" 
gcc -O0 -g3 -Wall -c -fmessage-length=0 -o Controller.o "..\\Controller.c" 
..\Controller.c: In function 'controller_loadFromText':
..\Controller.c:28:3: warning: implicit declaration of function 'parser_EmployeeFromText' [-Wimplicit-function-declaration]
   parser_EmployeeFromText(pArchivo, pArrayListEmployee);
   ^~~~~~~~~~~~~~~~~~~~~~~
gcc "-LD:\\TP 3 PRACTICO\\tp3_windows" -o tp3_windows.exe Controller.o Employee.o main.o parser.o -lLinkedList 
23:38:26 **** Incremental Build of configuration Debug for project tp3_windows ****
Info: Internal Builder is used for build
gcc -O0 -g3 -Wall -c -fmessage-length=0 -o Controller.o "..\\Controller.c" 
gcc "-LD:\\TP 3 PRACTICO\\tp3_windows" -o tp3_windows.exe Controller.o Employee.o main.o parser.o -lLinkedList 
23:39:09 **** Incremental Build of configuration Debug for project tp3_windows ****
Info: Internal Builder is used for build
gcc -O0 -g3 -Wall -c -fmessage-length=0 -o Controller.o "..\\Controller.c" 
gcc -O0 -g3 -Wall -c -fmessage-length=0 -o main.o "..\\main.c" 
gcc "-LD:\\TP 3 PRACTICO\\tp3_windows" -o tp3_windows.exe Controller.o Employee.o main.o parser.o -lLinkedList 
23:51:08 **** Incremental Build of configuration Debug for project tp3_windows ****
Info: Internal Builder is used for build
gcc -O0 -g3 -Wall -c -fmessage-length=0 -o Controller.o "..\\Controller.c" 
gcc -O0 -g3 -Wall -c -fmessage-length=0 -o Employee.o "..\\Employee.c" 
gcc -O0 -g3 -Wall -c -fmessage-length=0 -o main.o "..\\main.c" 
gcc "-LD:\\TP 3 PRACTICO\\tp3_windows" -o tp3_windows.exe Controller.o Employee.o main.o parser.o -lLinkedList 
Info: Nothing to build for tp3_windows
23:57:40 **** Incremental Build of configuration Debug for project tp3_windows ****
Info: Internal Builder is used for build
gcc -O0 -g3 -Wall -c -fmessage-length=0 -o main.o "..\\main.c" 
gcc "-LD:\\TP 3 PRACTICO\\tp3_windows" -o tp3_windows.exe Controller.o Employee.o main.o parser.o -lLinkedList 
Info: Nothing to build for tp3_windows
Info: Nothing to build for tp3_windows
00:22:22 **** Incremental Build of configuration Debug for project tp3_windows ****
Info: Internal Builder is used for build
gcc -O0 -g3 -Wall -c -fmessage-length=0 -o Employee.o "..\\Employee.c" 
..\Employee.c: In function 'employee_showAnEmployee':
..\Employee.c:234:27: warning: passing argument 2 of 'employee_getId' makes pointer from integer without a cast [-Wint-conversion]
   if(employee_getId(this, idE) &&
                           ^~~
..\Employee.c:91:5: note: expected 'int *' but argument is of type 'int'
 int employee_getId(Employee* this,int* id){
     ^~~~~~~~~~~~~~
..\Employee.c:236:38: warning: passing argument 2 of 'employee_getHorasTrabajadas' makes pointer from integer without a cast [-Wint-conversion]
    employee_getHorasTrabajadas(this, horasTE) &&
                                      ^~~~~~~
..\Employee.c:164:5: note: expected 'int *' but argument is of type 'int'
 int employee_getHorasTrabajadas(Employee* this,int* horasTrabajadas){
     ^~~~~~~~~~~~~~~~~~~~~~~~~~~
..\Employee.c:237:29: warning: passing argument 2 of 'employee_getSueldo' makes pointer from integer without a cast [-Wint-conversion]
    employee_getSueldo(this, sueldoE)){
                             ^~~~~~~
..\Employee.c:203:5: note: expected 'int *' but argument is of type 'int'
 int employee_getSueldo(Employee* this,int* sueldo){
     ^~~~~~~~~~~~~~~~~~
..\Employee.c:234:6: warning: 'idE' may be used uninitialized in this function [-Wmaybe-uninitialized]
   if(employee_getId(this, idE) &&
      ^~~~~~~~~~~~~~~~~~~~~~~~~
..\Employee.c:236:4: warning: 'horasTE' may be used uninitialized in this function [-Wmaybe-uninitialized]
    employee_getHorasTrabajadas(this, horasTE) &&
    ^~~~~~~~~~~~~~~~~~~~~~~~~~~~~~~~~~~~~~~~~~
..\Employee.c:237:4: warning: 'sueldoE' may be used uninitialized in this function [-Wmaybe-uninitialized]
    employee_getSueldo(this, sueldoE)){
    ^~~~~~~~~~~~~~~~~~~~~~~~~~~~~~~~~
gcc -O0 -g3 -Wall -c -fmessage-length=0 -o Controller.o "..\\Controller.c" 
..\Controller.c: In function 'controller_ListEmployee':
..\Controller.c:128:11: warning: implicit declaration of function 'employee_showAnEmployee' [-Wimplicit-function-declaration]
           employee_showAnEmployee(nuevoEmpleado);
           ^~~~~~~~~~~~~~~~~~~~~~~
..\Controller.c:112:7: warning: unused variable 'exito' [-Wunused-variable]
   int exito = 0;
       ^~~~~
..\Controller.c:131:1: warning: control reaches end of non-void function [-Wreturn-type]
 }
 ^
gcc -O0 -g3 -Wall -c -fmessage-length=0 -o main.o "..\\main.c" 
..\main.c: In function 'main':
..\main.c:52:7: warning: 'cantidadDeLista' may be used uninitialized in this function [-Wmaybe-uninitialized]
       printf("\n%d", cantidadDeLista);
       ^~~~~~~~~~~~~~~~~~~~~~~~~~~~~~~
gcc -O0 -g3 -Wall -c -fmessage-length=0 -o parser.o "..\\parser.c" 
gcc "-LD:\\TP 3 PRACTICO\\tp3_windows" -o tp3_windows.exe Controller.o Employee.o main.o parser.o -lLinkedList 
00:22:55 **** Incremental Build of configuration Debug for project tp3_windows ****
Info: Internal Builder is used for build
gcc -O0 -g3 -Wall -c -fmessage-length=0 -o Employee.o "..\\Employee.c" 
..\Employee.c: In function 'employee_showAnEmployee':
..\Employee.c:234:27: warning: passing argument 2 of 'employee_getId' makes pointer from integer without a cast [-Wint-conversion]
   if(employee_getId(this, idE) &&
                           ^~~
..\Employee.c:91:5: note: expected 'int *' but argument is of type 'int'
 int employee_getId(Employee* this,int* id){
     ^~~~~~~~~~~~~~
..\Employee.c:236:38: warning: passing argument 2 of 'employee_getHorasTrabajadas' makes pointer from integer without a cast [-Wint-conversion]
    employee_getHorasTrabajadas(this, horasTE) &&
                                      ^~~~~~~
..\Employee.c:164:5: note: expected 'int *' but argument is of type 'int'
 int employee_getHorasTrabajadas(Employee* this,int* horasTrabajadas){
     ^~~~~~~~~~~~~~~~~~~~~~~~~~~
..\Employee.c:237:29: warning: passing argument 2 of 'employee_getSueldo' makes pointer from integer without a cast [-Wint-conversion]
    employee_getSueldo(this, sueldoE)){
                             ^~~~~~~
..\Employee.c:203:5: note: expected 'int *' but argument is of type 'int'
 int employee_getSueldo(Employee* this,int* sueldo){
     ^~~~~~~~~~~~~~~~~~
gcc "-LD:\\TP 3 PRACTICO\\tp3_windows" -o tp3_windows.exe Controller.o Employee.o main.o parser.o -lLinkedList 
00:23:13 **** Incremental Build of configuration Debug for project tp3_windows ****
Info: Internal Builder is used for build
gcc -O0 -g3 -Wall -c -fmessage-length=0 -o Employee.o "..\\Employee.c" 
gcc "-LD:\\TP 3 PRACTICO\\tp3_windows" -o tp3_windows.exe Controller.o Employee.o main.o parser.o -lLinkedList 
Info: Nothing to build for tp3_windows
14:28:56 **** Incremental Build of configuration Debug for project tp3_windows ****
Info: Internal Builder is used for build
gcc -O0 -g3 -Wall -c -fmessage-length=0 -o main.o "..\\main.c" 
gcc -O0 -g3 -Wall -c -fmessage-length=0 -o Controller.o "..\\Controller.c" 
..\Controller.c: In function 'controller_ListEmployee':
..\Controller.c:113:1: warning: control reaches end of non-void function [-Wreturn-type]
 }
 ^
gcc -O0 -g3 -Wall -c -fmessage-length=0 -o parser.o "..\\parser.c" 
gcc -O0 -g3 -Wall -c -fmessage-length=0 -o Employee.o "..\\Employee.c" 
..\Employee.c: In function 'employee_showAnEmployee':
..\Employee.c:247:1: warning: control reaches end of non-void function [-Wreturn-type]
 }
 ^
gcc "-LD:\\TP 3 PRACTICO\\tp3_windows" -o tp3_windows.exe Controller.o Employee.o main.o parser.o -lLinkedList 
Info: Nothing to build for tp3_windows
14:29:21 **** Incremental Build of configuration Debug for project tp3_windows ****
Info: Internal Builder is used for build
gcc -O0 -g3 -Wall -c -fmessage-length=0 -o parser.o "..\\parser.c" 
gcc "-LD:\\TP 3 PRACTICO\\tp3_windows" -o tp3_windows.exe Controller.o Employee.o main.o parser.o -lLinkedList 
Info: Nothing to build for tp3_windows
15:02:56 **** Incremental Build of configuration Debug for project tp3_windows ****
Info: Internal Builder is used for build
gcc -O0 -g3 -Wall -c -fmessage-length=0 -o Employee.o "..\\Employee.c" 
gcc "-LD:\\TP 3 PRACTICO\\tp3_windows" -o tp3_windows.exe Controller.o Employee.o main.o parser.o -lLinkedList 
Info: Nothing to build for tp3_windows
15:03:26 **** Incremental Build of configuration Debug for project tp3_windows ****
Info: Internal Builder is used for build
gcc -O0 -g3 -Wall -c -fmessage-length=0 -o parser.o "..\\parser.c" 
..\parser.c: In function 'parser_EmployeeFromText':
..\parser.c:18:6: warning: unused variable 'cont' [-Wunused-variable]
  int cont = 0;
      ^~~~
gcc "-LD:\\TP 3 PRACTICO\\tp3_windows" -o tp3_windows.exe Controller.o Employee.o main.o parser.o -lLinkedList 
Info: Nothing to build for tp3_windows
15:04:06 **** Incremental Build of configuration Debug for project tp3_windows ****
Info: Internal Builder is used for build
gcc -O0 -g3 -Wall -c -fmessage-length=0 -o parser.o "..\\parser.c" 
..\parser.c: In function 'parser_EmployeeFromText':
..\parser.c:18:6: warning: unused variable 'cont' [-Wunused-variable]
  int cont = 0;
      ^~~~
gcc "-LD:\\TP 3 PRACTICO\\tp3_windows" -o tp3_windows.exe Controller.o Employee.o main.o parser.o -lLinkedList 
Info: Nothing to build for tp3_windows
15:11:30 **** Incremental Build of configuration Debug for project tp3_windows ****
Info: Internal Builder is used for build
gcc -O0 -g3 -Wall -c -fmessage-length=0 -o main.o "..\\main.c" 
gcc -O0 -g3 -Wall -c -fmessage-length=0 -o Controller.o "..\\Controller.c" 
..\Controller.c: In function 'controller_ListEmployee':
..\Controller.c:120:12: warning: format '%d' expects a matching 'int' argument [-Wformat=]
   printf("%d\t\t%-10s\t\t%5d\t\t%5d\n");
            ^
..\Controller.c:120:21: warning: format '%s' expects a matching 'char *' argument [-Wformat=]
   printf("%d\t\t%-10s\t\t%5d\t\t%5d\n");
                     ^
..\Controller.c:120:28: warning: format '%d' expects a matching 'int' argument [-Wformat=]
   printf("%d\t\t%-10s\t\t%5d\t\t%5d\n");
                            ^
..\Controller.c:120:35: warning: format '%d' expects a matching 'int' argument [-Wformat=]
   printf("%d\t\t%-10s\t\t%5d\t\t%5d\n");
                                   ^
..\Controller.c:111:12: warning: variable 'nuevoEmpleado' set but not used [-Wunused-but-set-variable]
  Employee* nuevoEmpleado;
            ^~~~~~~~~~~~~
..\Controller.c:123:1: warning: control reaches end of non-void function [-Wreturn-type]
 }
 ^
gcc "-LD:\\TP 3 PRACTICO\\tp3_windows" -o tp3_windows.exe Controller.o Employee.o main.o parser.o -lLinkedList 
15:12:08 **** Incremental Build of configuration Debug for project tp3_windows ****
Info: Internal Builder is used for build
gcc -O0 -g3 -Wall -c -fmessage-length=0 -o Controller.o "..\\Controller.c" 
..\Controller.c: In function 'controller_ListEmployee':
..\Controller.c:123:1: warning: control reaches end of non-void function [-Wreturn-type]
 }
 ^
gcc "-LD:\\TP 3 PRACTICO\\tp3_windows" -o tp3_windows.exe Controller.o Employee.o main.o parser.o -lLinkedList 
15:12:43 **** Incremental Build of configuration Debug for project tp3_windows ****
Info: Internal Builder is used for build
gcc -O0 -g3 -Wall -c -fmessage-length=0 -o Controller.o "..\\Controller.c" 
gcc "-LD:\\TP 3 PRACTICO\\tp3_windows" -o tp3_windows.exe Controller.o Employee.o main.o parser.o -lLinkedList 
Info: Nothing to build for tp3_windows
15:16:03 **** Incremental Build of configuration Debug for project tp3_windows ****
Info: Internal Builder is used for build
gcc -O0 -g3 -Wall -c -fmessage-length=0 -o Controller.o "..\\Controller.c" 
gcc -O0 -g3 -Wall -c -fmessage-length=0 -o parser.o "..\\parser.c" 
..\parser.c: In function 'parser_EmployeeFromText':
..\parser.c:18:6: warning: unused variable 'cont' [-Wunused-variable]
  int cont = 0;
      ^~~~
gcc "-LD:\\TP 3 PRACTICO\\tp3_windows" -o tp3_windows.exe Controller.o Employee.o main.o parser.o -lLinkedList 
15:16:46 **** Incremental Build of configuration Debug for project tp3_windows ****
Info: Internal Builder is used for build
gcc -O0 -g3 -Wall -c -fmessage-length=0 -o main.o "..\\main.c" 
gcc "-LD:\\TP 3 PRACTICO\\tp3_windows" -o tp3_windows.exe Controller.o Employee.o main.o parser.o -lLinkedList 
Info: Nothing to build for tp3_windows
15:59:57 **** Incremental Build of configuration Debug for project tp3_windows ****
Info: Internal Builder is used for build
gcc -O0 -g3 -Wall -c -fmessage-length=0 -o Controller.o "..\\Controller.c" 
..\Controller.c: In function 'controller_addEmployee':
..\Controller.c:88:8: warning: implicit declaration of function 'strlen' [-Wimplicit-function-declaration]
  while(strlen(nuevoEmpleado->nombre) > 128){
        ^~~~~~
..\Controller.c:88:8: warning: incompatible implicit declaration of built-in function 'strlen'
..\Controller.c:88:8: note: include '<string.h>' or provide a declaration of 'strlen'
..\Controller.c:87:7: warning: 'nuevoEmpleado' is used uninitialized in this function [-Wuninitialized]
  gets(nuevoEmpleado->nombre);
       ^~~~~~~~~~~~~
gcc -O0 -g3 -Wall -c -fmessage-length=0 -o main.o "..\\main.c" 
..\main.c: In function 'main':
..\main.c:28:9: warning: unused variable 'cantidadDeLista' [-Wunused-variable]
     int cantidadDeLista;
         ^~~~~~~~~~~~~~~
gcc "-LD:\\TP 3 PRACTICO\\tp3_windows" -o tp3_windows.exe Controller.o Employee.o main.o parser.o -lLinkedList 
16:00:22 **** Incremental Build of configuration Debug for project tp3_windows ****
Info: Internal Builder is used for build
gcc -O0 -g3 -Wall -c -fmessage-length=0 -o Controller.o "..\\Controller.c" 
..\Controller.c: In function 'controller_addEmployee':
..\Controller.c:88:7: warning: 'nuevoEmpleado' is used uninitialized in this function [-Wuninitialized]
  gets(nuevoEmpleado->nombre);
       ^~~~~~~~~~~~~
gcc "-LD:\\TP 3 PRACTICO\\tp3_windows" -o tp3_windows.exe Controller.o Employee.o main.o parser.o -lLinkedList 
Info: Nothing to build for tp3_windows
16:01:37 **** Incremental Build of configuration Debug for project tp3_windows ****
Info: Internal Builder is used for build
gcc -O0 -g3 -Wall -c -fmessage-length=0 -o Controller.o "..\\Controller.c" 
..\Controller.c: In function 'controller_addEmployee':
..\Controller.c:88:7: warning: 'nuevoEmpleado' is used uninitialized in this function [-Wuninitialized]
  gets(nuevoEmpleado->nombre);
       ^~~~~~~~~~~~~
gcc "-LD:\\TP 3 PRACTICO\\tp3_windows" -o tp3_windows.exe Controller.o Employee.o main.o parser.o -lLinkedList 
Info: Nothing to build for tp3_windows
16:02:03 **** Incremental Build of configuration Debug for project tp3_windows ****
Info: Internal Builder is used for build
gcc -O0 -g3 -Wall -c -fmessage-length=0 -o Controller.o "..\\Controller.c" 
..\Controller.c: In function 'controller_addEmployee':
..\Controller.c:90:7: warning: 'nuevoEmpleado' is used uninitialized in this function [-Wuninitialized]
  gets(nuevoEmpleado->nombre);
       ^~~~~~~~~~~~~
gcc "-LD:\\TP 3 PRACTICO\\tp3_windows" -o tp3_windows.exe Controller.o Employee.o main.o parser.o -lLinkedList 
16:02:13 **** Incremental Build of configuration Debug for project tp3_windows ****
Info: Internal Builder is used for build
gcc -O0 -g3 -Wall -c -fmessage-length=0 -o Controller.o "..\\Controller.c" 
..\Controller.c: In function 'controller_addEmployee':
..\Controller.c:90:7: warning: 'nuevoEmpleado' is used uninitialized in this function [-Wuninitialized]
  gets(nuevoEmpleado->nombre);
       ^~~~~~~~~~~~~
gcc "-LD:\\TP 3 PRACTICO\\tp3_windows" -o tp3_windows.exe Controller.o Employee.o main.o parser.o -lLinkedList 
Info: Nothing to build for tp3_windows
16:03:02 **** Incremental Build of configuration Debug for project tp3_windows ****
Info: Internal Builder is used for build
gcc -O0 -g3 -Wall -c -fmessage-length=0 -o Controller.o "..\\Controller.c" 
..\Controller.c: In function 'controller_addEmployee':
..\Controller.c:90:7: warning: 'nuevoEmpleado' is used uninitialized in this function [-Wuninitialized]
  gets(nuevoEmpleado->nombre);
       ^~~~~~~~~~~~~
gcc "-LD:\\TP 3 PRACTICO\\tp3_windows" -o tp3_windows.exe Controller.o Employee.o main.o parser.o -lLinkedList 
Info: Nothing to build for tp3_windows
16:08:22 **** Incremental Build of configuration Debug for project tp3_windows ****
Info: Internal Builder is used for build
gcc -O0 -g3 -Wall -c -fmessage-length=0 -o Controller.o "..\\Controller.c" 
..\Controller.c: In function 'controller_addEmployee':
..\Controller.c:99:9: warning: zero-length ms_printf format string [-Wformat-zero-length]
  printf("")
         ^~
..\Controller.c:101:2: error: expected ';' before 'printf'
  printf("\nIngrese cantidad de Horas Trabajadas: ");
  ^~~~~~
..\Controller.c:107:11: warning: format '%d' expects argument of type 'int *', but argument 2 has type 'int' [-Wformat=]
   scanf("%d", horasTrabajadas);
           ^
16:08:34 **** Incremental Build of configuration Debug for project tp3_windows ****
Info: Internal Builder is used for build
gcc -O0 -g3 -Wall -c -fmessage-length=0 -o Controller.o "..\\Controller.c" 
..\Controller.c: In function 'controller_addEmployee':
..\Controller.c:106:11: warning: format '%d' expects argument of type 'int *', but argument 2 has type 'int' [-Wformat=]
   scanf("%d", horasTrabajadas);
           ^
gcc "-LD:\\TP 3 PRACTICO\\tp3_windows" -o tp3_windows.exe Controller.o Employee.o main.o parser.o -lLinkedList 
16:08:46 **** Incremental Build of configuration Debug for project tp3_windows ****
Info: Internal Builder is used for build
gcc -O0 -g3 -Wall -c -fmessage-length=0 -o Controller.o "..\\Controller.c" 
gcc "-LD:\\TP 3 PRACTICO\\tp3_windows" -o tp3_windows.exe Controller.o Employee.o main.o parser.o -lLinkedList 
Info: Nothing to build for tp3_windows
Info: Nothing to build for tp3_windows
16:10:25 **** Incremental Build of configuration Debug for project tp3_windows ****
Info: Internal Builder is used for build
gcc -O0 -g3 -Wall -c -fmessage-length=0 -o main.o "..\\main.c" 
..\main.c: In function 'main':
..\main.c:28:9: warning: unused variable 'cantidadDeLista' [-Wunused-variable]
     int cantidadDeLista;
         ^~~~~~~~~~~~~~~
gcc "-LD:\\TP 3 PRACTICO\\tp3_windows" -o tp3_windows.exe Controller.o Employee.o main.o parser.o -lLinkedList 
16:10:38 **** Incremental Build of configuration Debug for project tp3_windows ****
Info: Internal Builder is used for build
gcc -O0 -g3 -Wall -c -fmessage-length=0 -o main.o "..\\main.c" 
gcc "-LD:\\TP 3 PRACTICO\\tp3_windows" -o tp3_windows.exe Controller.o Employee.o main.o parser.o -lLinkedList 
Info: Nothing to build for tp3_windows
Info: Nothing to build for tp3_windows
16:25:59 **** Incremental Build of configuration Debug for project tp3_windows ****
Info: Internal Builder is used for build
gcc -O0 -g3 -Wall -c -fmessage-length=0 -o main.o "..\\main.c" 
gcc -O0 -g3 -Wall -c -fmessage-length=0 -o Controller.o "..\\Controller.c" 
gcc -O0 -g3 -Wall -c -fmessage-length=0 -o parser.o "..\\parser.c" 
..\parser.c: In function 'parser_EmployeeFromText':
..\parser.c:18:6: warning: unused variable 'cont' [-Wunused-variable]
  int cont = 0;
      ^~~~
..\parser.c: In function 'parser_SecondEmployeeFromText':
..\parser.c:51:6: warning: unused variable 'cont' [-Wunused-variable]
  int cont = 0;
      ^~~~
gcc "-LD:\\TP 3 PRACTICO\\tp3_windows" -o tp3_windows.exe Controller.o Employee.o main.o parser.o -lLinkedList 
16:26:28 **** Incremental Build of configuration Debug for project tp3_windows ****
Info: Internal Builder is used for build
gcc -O0 -g3 -Wall -c -fmessage-length=0 -o parser.o "..\\parser.c" 
..\parser.c: In function 'parser_EmployeeFromText':
..\parser.c:18:6: warning: unused variable 'cont' [-Wunused-variable]
  int cont = 0;
      ^~~~
gcc "-LD:\\TP 3 PRACTICO\\tp3_windows" -o tp3_windows.exe Controller.o Employee.o main.o parser.o -lLinkedList 
16:28:55 **** Incremental Build of configuration Debug for project tp3_windows ****
Info: Internal Builder is used for build
gcc -O0 -g3 -Wall -c -fmessage-length=0 -o parser.o "..\\parser.c" 
gcc -O0 -g3 -Wall -c -fmessage-length=0 -o main.o "..\\main.c" 
..\main.c: In function 'main':
..\main.c:50:8: error: expected ';' before '}' token
        }
        ^
16:29:34 **** Incremental Build of configuration Debug for project tp3_windows ****
Info: Internal Builder is used for build
gcc -O0 -g3 -Wall -c -fmessage-length=0 -o main.o "..\\main.c" 
..\main.c: In function 'main':
..\main.c:50:8: error: expected ';' before '}' token
        }
        ^
16:30:07 **** Incremental Build of configuration Debug for project tp3_windows ****
Info: Internal Builder is used for build
gcc -O0 -g3 -Wall -c -fmessage-length=0 -o Controller.o "..\\Controller.c" 
gcc -O0 -g3 -Wall -c -fmessage-length=0 -o main.o "..\\main.c" 
gcc "-LD:\\TP 3 PRACTICO\\tp3_windows" -o tp3_windows.exe Controller.o Employee.o main.o parser.o -lLinkedList 
Info: Nothing to build for tp3_windows
16:36:01 **** Incremental Build of configuration Debug for project tp3_windows ****
Info: Internal Builder is used for build
gcc -O0 -g3 -Wall -c -fmessage-length=0 -o main.o "..\\main.c" 
gcc -O0 -g3 -Wall -c -fmessage-length=0 -o parser.o "..\\parser.c" 
gcc "-LD:\\TP 3 PRACTICO\\tp3_windows" -o tp3_windows.exe Controller.o Employee.o main.o parser.o -lLinkedList 
Info: Nothing to build for tp3_windows
16:45:01 **** Incremental Build of configuration Debug for project tp3_windows ****
Info: Internal Builder is used for build
gcc -O0 -g3 -Wall -c -fmessage-length=0 -o Controller.o "..\\Controller.c" 
gcc "-LD:\\TP 3 PRACTICO\\tp3_windows" -o tp3_windows.exe Controller.o Employee.o main.o parser.o -lLinkedList 
